INFO: [VRFC 10-2263] Analyzing Verilog file "C:/Users/karta/桌面/ROR_Unit.v" into library xil_defaultlib
INFO: [VRFC 10-311] analyzing module DN
INFO: [VRFC 10-311] analyzing module Distance_cal_cell
INFO: [VRFC 10-2263] Analyzing Verilog file "C:/Users/karta/ROR_FPGA_1/ROR_FPGA_1.srcs/sources_1/new/ROR_IP.v" into library xil_defaultlib
INFO: [VRFC 10-311] analyzing module ROR_IP
INFO: [VRFC 10-2263] Analyzing Verilog file "C:/Users/karta/ROR_FPGA_1/ROR_FPGA_1.ip_user_files/bd/ROR_design/ip/ROR_design_processing_system7_0_0/sim/ROR_design_processing_system7_0_0.v" into library xil_defaultlib
INFO: [VRFC 10-311] analyzing module ROR_design_processing_system7_0_0
INFO: [VRFC 10-2263] Analyzing Verilog file "C:/Users/karta/ROR_FPGA_1/ROR_FPGA_1.ip_user_files/bd/ROR_design/ip/ROR_design_axi_smc_0/bd_0/sim/bd_c225.v" into library xil_defaultlib
INFO: [VRFC 10-311] analyzing module bd_c225
INFO: [VRFC 10-311] analyzing module clk_map_imp_17UPZY3
INFO: [VRFC 10-311] analyzing module m00_exit_pipeline_imp_SH8N34
INFO: [VRFC 10-311] analyzing module s00_entry_pipeline_imp_1ROT2W3
INFO: [VRFC 10-311] analyzing module s00_nodes_imp_1UNARY1
INFO: [VRFC 10-2263] Analyzing Verilog file "C:/Users/karta/ROR_FPGA_1/ROR_FPGA_1.ip_user_files/bd/ROR_design/ip/ROR_design_axi_smc_0/bd_0/ip/ip_0/sim/bd_c225_one_0.v" into library xil_defaultlib
INFO: [VRFC 10-311] analyzing module bd_c225_one_0
INFO: [VRFC 10-2263] Analyzing SystemVerilog file "C:/Users/karta/ROR_FPGA_1/ROR_FPGA_1.ip_user_files/bd/ROR_design/ip/ROR_design_axi_smc_0/bd_0/ip/ip_2/sim/bd_c225_s00mmu_0.sv" into library xil_defaultlib
INFO: [VRFC 10-311] analyzing module bd_c225_s00mmu_0
INFO: [VRFC 10-2263] Analyzing SystemVerilog file "C:/Users/karta/ROR_FPGA_1/ROR_FPGA_1.ip_user_files/bd/ROR_design/ip/ROR_design_axi_smc_0/bd_0/ip/ip_3/sim/bd_c225_s00tr_0.sv" into library xil_defaultlib
INFO: [VRFC 10-311] analyzing module bd_c225_s00tr_0
INFO: [VRFC 10-2263] Analyzing SystemVerilog file "C:/Users/karta/ROR_FPGA_1/ROR_FPGA_1.ip_user_files/bd/ROR_design/ip/ROR_design_axi_smc_0/bd_0/ip/ip_4/sim/bd_c225_s00sic_0.sv" into library xil_defaultlib
INFO: [VRFC 10-311] analyzing module bd_c225_s00sic_0
INFO: [VRFC 10-2263] Analyzing SystemVerilog file "C:/Users/karta/ROR_FPGA_1/ROR_FPGA_1.ip_user_files/bd/ROR_design/ip/ROR_design_axi_smc_0/bd_0/ip/ip_5/sim/bd_c225_s00a2s_0.sv" into library xil_defaultlib
INFO: [VRFC 10-311] analyzing module bd_c225_s00a2s_0
INFO: [VRFC 10-2263] Analyzing SystemVerilog file "C:/Users/karta/ROR_FPGA_1/ROR_FPGA_1.ip_user_files/bd/ROR_design/ip/ROR_design_axi_smc_0/bd_0/ip/ip_6/sim/bd_c225_sarn_0.sv" into library xil_defaultlib
INFO: [VRFC 10-311] analyzing module bd_c225_sarn_0
INFO: [VRFC 10-2263] Analyzing SystemVerilog file "C:/Users/karta/ROR_FPGA_1/ROR_FPGA_1.ip_user_files/bd/ROR_design/ip/ROR_design_axi_smc_0/bd_0/ip/ip_7/sim/bd_c225_srn_0.sv" into library xil_defaultlib
INFO: [VRFC 10-311] analyzing module bd_c225_srn_0
INFO: [VRFC 10-2263] Analyzing SystemVerilog file "C:/Users/karta/ROR_FPGA_1/ROR_FPGA_1.ip_user_files/bd/ROR_design/ip/ROR_design_axi_smc_0/bd_0/ip/ip_8/sim/bd_c225_sawn_0.sv" into library xil_defaultlib
INFO: [VRFC 10-311] analyzing module bd_c225_sawn_0
INFO: [VRFC 10-2263] Analyzing SystemVerilog file "C:/Users/karta/ROR_FPGA_1/ROR_FPGA_1.ip_user_files/bd/ROR_design/ip/ROR_design_axi_smc_0/bd_0/ip/ip_9/sim/bd_c225_swn_0.sv" into library xil_defaultlib
INFO: [VRFC 10-311] analyzing module bd_c225_swn_0
INFO: [VRFC 10-2263] Analyzing SystemVerilog file "C:/Users/karta/ROR_FPGA_1/ROR_FPGA_1.ip_user_files/bd/ROR_design/ip/ROR_design_axi_smc_0/bd_0/ip/ip_10/sim/bd_c225_sbn_0.sv" into library xil_defaultlib
INFO: [VRFC 10-311] analyzing module bd_c225_sbn_0
INFO: [VRFC 10-2263] Analyzing SystemVerilog file "C:/Users/karta/ROR_FPGA_1/ROR_FPGA_1.ip_user_files/bd/ROR_design/ip/ROR_design_axi_smc_0/bd_0/ip/ip_11/sim/bd_c225_m00s2a_0.sv" into library xil_defaultlib
INFO: [VRFC 10-311] analyzing module bd_c225_m00s2a_0
INFO: [VRFC 10-2263] Analyzing SystemVerilog file "C:/Users/karta/ROR_FPGA_1/ROR_FPGA_1.ip_user_files/bd/ROR_design/ip/ROR_design_axi_smc_0/bd_0/ip/ip_12/sim/bd_c225_m00e_0.sv" into library xil_defaultlib
INFO: [VRFC 10-311] analyzing module bd_c225_m00e_0
INFO: [VRFC 10-2263] Analyzing SystemVerilog file "C:/Users/karta/ROR_FPGA_1/ROR_FPGA_1.ip_user_files/bd/ROR_design/ip/ROR_design_axi_smc_0/sim/ROR_design_axi_smc_0.sv" into library xil_defaultlib
INFO: [VRFC 10-311] analyzing module ROR_design_axi_smc_0
INFO: [VRFC 10-2263] Analyzing Verilog file "C:/Users/karta/ROR_FPGA_1/ROR_FPGA_1.ip_user_files/bd/ROR_design/ip/ROR_design_smartconnect_0_0/bd_0/sim/bd_3b23.v" into library xil_defaultlib
INFO: [VRFC 10-311] analyzing module bd_3b23
INFO: [VRFC 10-311] analyzing module clk_map_imp_1LYBY8S
INFO: [VRFC 10-311] analyzing module m00_exit_pipeline_imp_B7YUVB
INFO: [VRFC 10-311] analyzing module m00_nodes_imp_XDB08B
INFO: [VRFC 10-311] analyzing module s00_entry_pipeline_imp_1BJJ2RO
INFO: [VRFC 10-311] analyzing module s00_nodes_imp_1GYO7OE
INFO: [VRFC 10-311] analyzing module s01_entry_pipeline_imp_DD5B80
INFO: [VRFC 10-311] analyzing module s01_nodes_imp_9YW6NC
INFO: [VRFC 10-311] analyzing module s02_entry_pipeline_imp_JN9JXP
INFO: [VRFC 10-311] analyzing module s02_nodes_imp_QIIIYB
INFO: [VRFC 10-311] analyzing module switchboards_imp_1N4GYQ2
INFO: [VRFC 10-2263] Analyzing Verilog file "C:/Users/karta/ROR_FPGA_1/ROR_FPGA_1.ip_user_files/bd/ROR_design/ip/ROR_design_smartconnect_0_0/bd_0/ip/ip_0/sim/bd_3b23_one_0.v" into library xil_defaultlib
INFO: [VRFC 10-311] analyzing module bd_3b23_one_0
INFO: [VRFC 10-2263] Analyzing SystemVerilog file "C:/Users/karta/ROR_FPGA_1/ROR_FPGA_1.ip_user_files/bd/ROR_design/ip/ROR_design_smartconnect_0_0/bd_0/ip/ip_2/sim/bd_3b23_arsw_0.sv" into library xil_defaultlib
INFO: [VRFC 10-311] analyzing module bd_3b23_arsw_0
WARNING: [VRFC 10-8772] attribute 'X_INTERFACE_MODE' is already specified; last one will take precedence [C:/Users/karta/ROR_FPGA_1/ROR_FPGA_1.ip_user_files/bd/ROR_design/ip/ROR_design_smartconnect_0_0/bd_0/ip/ip_2/sim/bd_3b23_arsw_0.sv:82]
WARNING: [VRFC 10-8772] attribute 'X_INTERFACE_PARAMETER' is already specified; last one will take precedence [C:/Users/karta/ROR_FPGA_1/ROR_FPGA_1.ip_user_files/bd/ROR_design/ip/ROR_design_smartconnect_0_0/bd_0/ip/ip_2/sim/bd_3b23_arsw_0.sv:83]
WARNING: [VRFC 10-8772] attribute 'X_INTERFACE_MODE' is already specified; last one will take precedence [C:/Users/karta/ROR_FPGA_1/ROR_FPGA_1.ip_user_files/bd/ROR_design/ip/ROR_design_smartconnect_0_0/bd_0/ip/ip_2/sim/bd_3b23_arsw_0.sv:84]
WARNING: [VRFC 10-8772] attribute 'X_INTERFACE_PARAMETER' is already specified; last one will take precedence [C:/Users/karta/ROR_FPGA_1/ROR_FPGA_1.ip_user_files/bd/ROR_design/ip/ROR_design_smartconnect_0_0/bd_0/ip/ip_2/sim/bd_3b23_arsw_0.sv:85]
INFO: [VRFC 10-2263] Analyzing SystemVerilog file "C:/Users/karta/ROR_FPGA_1/ROR_FPGA_1.ip_user_files/bd/ROR_design/ip/ROR_design_smartconnect_0_0/bd_0/ip/ip_3/sim/bd_3b23_rsw_0.sv" into library xil_defaultlib
INFO: [VRFC 10-311] analyzing module bd_3b23_rsw_0
WARNING: [VRFC 10-8772] attribute 'X_INTERFACE_MODE' is already specified; last one will take precedence [C:/Users/karta/ROR_FPGA_1/ROR_FPGA_1.ip_user_files/bd/ROR_design/ip/ROR_design_smartconnect_0_0/bd_0/ip/ip_3/sim/bd_3b23_rsw_0.sv:93]
WARNING: [VRFC 10-8772] attribute 'X_INTERFACE_MODE' is already specified; last one will take precedence [C:/Users/karta/ROR_FPGA_1/ROR_FPGA_1.ip_user_files/bd/ROR_design/ip/ROR_design_smartconnect_0_0/bd_0/ip/ip_3/sim/bd_3b23_rsw_0.sv:94]
INFO: [VRFC 10-2263] Analyzing SystemVerilog file "C:/Users/karta/ROR_FPGA_1/ROR_FPGA_1.ip_user_files/bd/ROR_design/ip/ROR_design_smartconnect_0_0/bd_0/ip/ip_4/sim/bd_3b23_awsw_0.sv" into library xil_defaultlib
INFO: [VRFC 10-311] analyzing module bd_3b23_awsw_0
WARNING: [VRFC 10-8772] attribute 'X_INTERFACE_MODE' is already specified; last one will take precedence [C:/Users/karta/ROR_FPGA_1/ROR_FPGA_1.ip_user_files/bd/ROR_design/ip/ROR_design_smartconnect_0_0/bd_0/ip/ip_4/sim/bd_3b23_awsw_0.sv:82]
WARNING: [VRFC 10-8772] attribute 'X_INTERFACE_PARAMETER' is already specified; last one will take precedence [C:/Users/karta/ROR_FPGA_1/ROR_FPGA_1.ip_user_files/bd/ROR_design/ip/ROR_design_smartconnect_0_0/bd_0/ip/ip_4/sim/bd_3b23_awsw_0.sv:83]
WARNING: [VRFC 10-8772] attribute 'X_INTERFACE_MODE' is already specified; last one will take precedence [C:/Users/karta/ROR_FPGA_1/ROR_FPGA_1.ip_user_files/bd/ROR_design/ip/ROR_design_smartconnect_0_0/bd_0/ip/ip_4/sim/bd_3b23_awsw_0.sv:84]
WARNING: [VRFC 10-8772] attribute 'X_INTERFACE_PARAMETER' is already specified; last one will take precedence [C:/Users/karta/ROR_FPGA_1/ROR_FPGA_1.ip_user_files/bd/ROR_design/ip/ROR_design_smartconnect_0_0/bd_0/ip/ip_4/sim/bd_3b23_awsw_0.sv:85]
INFO: [VRFC 10-2263] Analyzing SystemVerilog file "C:/Users/karta/ROR_FPGA_1/ROR_FPGA_1.ip_user_files/bd/ROR_design/ip/ROR_design_smartconnect_0_0/bd_0/ip/ip_5/sim/bd_3b23_wsw_0.sv" into library xil_defaultlib
INFO: [VRFC 10-311] analyzing module bd_3b23_wsw_0
WARNING: [VRFC 10-8772] attribute 'X_INTERFACE_MODE' is already specified; last one will take precedence [C:/Users/karta/ROR_FPGA_1/ROR_FPGA_1.ip_user_files/bd/ROR_design/ip/ROR_design_smartconnect_0_0/bd_0/ip/ip_5/sim/bd_3b23_wsw_0.sv:82]
WARNING: [VRFC 10-8772] attribute 'X_INTERFACE_PARAMETER' is already specified; last one will take precedence [C:/Users/karta/ROR_FPGA_1/ROR_FPGA_1.ip_user_files/bd/ROR_design/ip/ROR_design_smartconnect_0_0/bd_0/ip/ip_5/sim/bd_3b23_wsw_0.sv:83]
WARNING: [VRFC 10-8772] attribute 'X_INTERFACE_MODE' is already specified; last one will take precedence [C:/Users/karta/ROR_FPGA_1/ROR_FPGA_1.ip_user_files/bd/ROR_design/ip/ROR_design_smartconnect_0_0/bd_0/ip/ip_5/sim/bd_3b23_wsw_0.sv:84]
WARNING: [VRFC 10-8772] attribute 'X_INTERFACE_PARAMETER' is already specified; last one will take precedence [C:/Users/karta/ROR_FPGA_1/ROR_FPGA_1.ip_user_files/bd/ROR_design/ip/ROR_design_smartconnect_0_0/bd_0/ip/ip_5/sim/bd_3b23_wsw_0.sv:85]
INFO: [VRFC 10-2263] Analyzing SystemVerilog file "C:/Users/karta/ROR_FPGA_1/ROR_FPGA_1.ip_user_files/bd/ROR_design/ip/ROR_design_smartconnect_0_0/bd_0/ip/ip_6/sim/bd_3b23_bsw_0.sv" into library xil_defaultlib
INFO: [VRFC 10-311] analyzing module bd_3b23_bsw_0
WARNING: [VRFC 10-8772] attribute 'X_INTERFACE_MODE' is already specified; last one will take precedence [C:/Users/karta/ROR_FPGA_1/ROR_FPGA_1.ip_user_files/bd/ROR_design/ip/ROR_design_smartconnect_0_0/bd_0/ip/ip_6/sim/bd_3b23_bsw_0.sv:93]
WARNING: [VRFC 10-8772] attribute 'X_INTERFACE_MODE' is already specified; last one will take precedence [C:/Users/karta/ROR_FPGA_1/ROR_FPGA_1.ip_user_files/bd/ROR_design/ip/ROR_design_smartconnect_0_0/bd_0/ip/ip_6/sim/bd_3b23_bsw_0.sv:94]
INFO: [VRFC 10-2263] Analyzing SystemVerilog file "C:/Users/karta/ROR_FPGA_1/ROR_FPGA_1.ip_user_files/bd/ROR_design/ip/ROR_design_smartconnect_0_0/bd_0/ip/ip_7/sim/bd_3b23_s00mmu_0.sv" into library xil_defaultlib
INFO: [VRFC 10-311] analyzing module bd_3b23_s00mmu_0
INFO: [VRFC 10-2263] Analyzing SystemVerilog file "C:/Users/karta/ROR_FPGA_1/ROR_FPGA_1.ip_user_files/bd/ROR_design/ip/ROR_design_smartconnect_0_0/bd_0/ip/ip_8/sim/bd_3b23_s00tr_0.sv" into library xil_defaultlib
INFO: [VRFC 10-311] analyzing module bd_3b23_s00tr_0
INFO: [VRFC 10-2263] Analyzing SystemVerilog file "C:/Users/karta/ROR_FPGA_1/ROR_FPGA_1.ip_user_files/bd/ROR_design/ip/ROR_design_smartconnect_0_0/bd_0/ip/ip_9/sim/bd_3b23_s00sic_0.sv" into library xil_defaultlib
INFO: [VRFC 10-311] analyzing module bd_3b23_s00sic_0
INFO: [VRFC 10-2263] Analyzing SystemVerilog file "C:/Users/karta/ROR_FPGA_1/ROR_FPGA_1.ip_user_files/bd/ROR_design/ip/ROR_design_smartconnect_0_0/bd_0/ip/ip_10/sim/bd_3b23_s00a2s_0.sv" into library xil_defaultlib
INFO: [VRFC 10-311] analyzing module bd_3b23_s00a2s_0
INFO: [VRFC 10-2263] Analyzing SystemVerilog file "C:/Users/karta/ROR_FPGA_1/ROR_FPGA_1.ip_user_files/bd/ROR_design/ip/ROR_design_smartconnect_0_0/bd_0/ip/ip_11/sim/bd_3b23_sarn_0.sv" into library xil_defaultlib
INFO: [VRFC 10-311] analyzing module bd_3b23_sarn_0
INFO: [VRFC 10-2263] Analyzing SystemVerilog file "C:/Users/karta/ROR_FPGA_1/ROR_FPGA_1.ip_user_files/bd/ROR_design/ip/ROR_design_smartconnect_0_0/bd_0/ip/ip_12/sim/bd_3b23_srn_0.sv" into library xil_defaultlib
INFO: [VRFC 10-311] analyzing module bd_3b23_srn_0
INFO: [VRFC 10-2263] Analyzing SystemVerilog file "C:/Users/karta/ROR_FPGA_1/ROR_FPGA_1.ip_user_files/bd/ROR_design/ip/ROR_design_smartconnect_0_0/bd_0/ip/ip_13/sim/bd_3b23_sawn_0.sv" into library xil_defaultlib
INFO: [VRFC 10-311] analyzing module bd_3b23_sawn_0
INFO: [VRFC 10-2263] Analyzing SystemVerilog file "C:/Users/karta/ROR_FPGA_1/ROR_FPGA_1.ip_user_files/bd/ROR_design/ip/ROR_design_smartconnect_0_0/bd_0/ip/ip_14/sim/bd_3b23_swn_0.sv" into library xil_defaultlib
INFO: [VRFC 10-311] analyzing module bd_3b23_swn_0
INFO: [VRFC 10-2263] Analyzing SystemVerilog file "C:/Users/karta/ROR_FPGA_1/ROR_FPGA_1.ip_user_files/bd/ROR_design/ip/ROR_design_smartconnect_0_0/bd_0/ip/ip_15/sim/bd_3b23_sbn_0.sv" into library xil_defaultlib
INFO: [VRFC 10-311] analyzing module bd_3b23_sbn_0
INFO: [VRFC 10-2263] Analyzing SystemVerilog file "C:/Users/karta/ROR_FPGA_1/ROR_FPGA_1.ip_user_files/bd/ROR_design/ip/ROR_design_smartconnect_0_0/bd_0/ip/ip_16/sim/bd_3b23_s01mmu_0.sv" into library xil_defaultlib
INFO: [VRFC 10-311] analyzing module bd_3b23_s01mmu_0
INFO: [VRFC 10-2263] Analyzing SystemVerilog file "C:/Users/karta/ROR_FPGA_1/ROR_FPGA_1.ip_user_files/bd/ROR_design/ip/ROR_design_smartconnect_0_0/bd_0/ip/ip_17/sim/bd_3b23_s01tr_0.sv" into library xil_defaultlib
INFO: [VRFC 10-311] analyzing module bd_3b23_s01tr_0
INFO: [VRFC 10-2263] Analyzing SystemVerilog file "C:/Users/karta/ROR_FPGA_1/ROR_FPGA_1.ip_user_files/bd/ROR_design/ip/ROR_design_smartconnect_0_0/bd_0/ip/ip_18/sim/bd_3b23_s01sic_0.sv" into library xil_defaultlib
INFO: [VRFC 10-311] analyzing module bd_3b23_s01sic_0
INFO: [VRFC 10-2263] Analyzing SystemVerilog file "C:/Users/karta/ROR_FPGA_1/ROR_FPGA_1.ip_user_files/bd/ROR_design/ip/ROR_design_smartconnect_0_0/bd_0/ip/ip_19/sim/bd_3b23_s01a2s_0.sv" into library xil_defaultlib
INFO: [VRFC 10-311] analyzing module bd_3b23_s01a2s_0
INFO: [VRFC 10-2263] Analyzing SystemVerilog file "C:/Users/karta/ROR_FPGA_1/ROR_FPGA_1.ip_user_files/bd/ROR_design/ip/ROR_design_smartconnect_0_0/bd_0/ip/ip_20/sim/bd_3b23_sarn_1.sv" into library xil_defaultlib
INFO: [VRFC 10-311] analyzing module bd_3b23_sarn_1
INFO: [VRFC 10-2263] Analyzing SystemVerilog file "C:/Users/karta/ROR_FPGA_1/ROR_FPGA_1.ip_user_files/bd/ROR_design/ip/ROR_design_smartconnect_0_0/bd_0/ip/ip_21/sim/bd_3b23_srn_1.sv" into library xil_defaultlib
INFO: [VRFC 10-311] analyzing module bd_3b23_srn_1
INFO: [VRFC 10-2263] Analyzing SystemVerilog file "C:/Users/karta/ROR_FPGA_1/ROR_FPGA_1.ip_user_files/bd/ROR_design/ip/ROR_design_smartconnect_0_0/bd_0/ip/ip_22/sim/bd_3b23_s02mmu_0.sv" into library xil_defaultlib
INFO: [VRFC 10-311] analyzing module bd_3b23_s02mmu_0
INFO: [VRFC 10-2263] Analyzing SystemVerilog file "C:/Users/karta/ROR_FPGA_1/ROR_FPGA_1.ip_user_files/bd/ROR_design/ip/ROR_design_smartconnect_0_0/bd_0/ip/ip_23/sim/bd_3b23_s02tr_0.sv" into library xil_defaultlib
INFO: [VRFC 10-311] analyzing module bd_3b23_s02tr_0
INFO: [VRFC 10-2263] Analyzing SystemVerilog file "C:/Users/karta/ROR_FPGA_1/ROR_FPGA_1.ip_user_files/bd/ROR_design/ip/ROR_design_smartconnect_0_0/bd_0/ip/ip_24/sim/bd_3b23_s02sic_0.sv" into library xil_defaultlib
INFO: [VRFC 10-311] analyzing module bd_3b23_s02sic_0
INFO: [VRFC 10-2263] Analyzing SystemVerilog file "C:/Users/karta/ROR_FPGA_1/ROR_FPGA_1.ip_user_files/bd/ROR_design/ip/ROR_design_smartconnect_0_0/bd_0/ip/ip_25/sim/bd_3b23_s02a2s_0.sv" into library xil_defaultlib
INFO: [VRFC 10-311] analyzing module bd_3b23_s02a2s_0
INFO: [VRFC 10-2263] Analyzing SystemVerilog file "C:/Users/karta/ROR_FPGA_1/ROR_FPGA_1.ip_user_files/bd/ROR_design/ip/ROR_design_smartconnect_0_0/bd_0/ip/ip_26/sim/bd_3b23_sawn_1.sv" into library xil_defaultlib
INFO: [VRFC 10-311] analyzing module bd_3b23_sawn_1
INFO: [VRFC 10-2263] Analyzing SystemVerilog file "C:/Users/karta/ROR_FPGA_1/ROR_FPGA_1.ip_user_files/bd/ROR_design/ip/ROR_design_smartconnect_0_0/bd_0/ip/ip_27/sim/bd_3b23_swn_1.sv" into library xil_defaultlib
INFO: [VRFC 10-311] analyzing module bd_3b23_swn_1
INFO: [VRFC 10-2263] Analyzing SystemVerilog file "C:/Users/karta/ROR_FPGA_1/ROR_FPGA_1.ip_user_files/bd/ROR_design/ip/ROR_design_smartconnect_0_0/bd_0/ip/ip_28/sim/bd_3b23_sbn_1.sv" into library xil_defaultlib
INFO: [VRFC 10-311] analyzing module bd_3b23_sbn_1
INFO: [VRFC 10-2263] Analyzing SystemVerilog file "C:/Users/karta/ROR_FPGA_1/ROR_FPGA_1.ip_user_files/bd/ROR_design/ip/ROR_design_smartconnect_0_0/bd_0/ip/ip_29/sim/bd_3b23_m00s2a_0.sv" into library xil_defaultlib
INFO: [VRFC 10-311] analyzing module bd_3b23_m00s2a_0
INFO: [VRFC 10-2263] Analyzing SystemVerilog file "C:/Users/karta/ROR_FPGA_1/ROR_FPGA_1.ip_user_files/bd/ROR_design/ip/ROR_design_smartconnect_0_0/bd_0/ip/ip_30/sim/bd_3b23_m00arn_0.sv" into library xil_defaultlib
INFO: [VRFC 10-311] analyzing module bd_3b23_m00arn_0
INFO: [VRFC 10-2263] Analyzing SystemVerilog file "C:/Users/karta/ROR_FPGA_1/ROR_FPGA_1.ip_user_files/bd/ROR_design/ip/ROR_design_smartconnect_0_0/bd_0/ip/ip_31/sim/bd_3b23_m00rn_0.sv" into library xil_defaultlib
INFO: [VRFC 10-311] analyzing module bd_3b23_m00rn_0
INFO: [VRFC 10-2263] Analyzing SystemVerilog file "C:/Users/karta/ROR_FPGA_1/ROR_FPGA_1.ip_user_files/bd/ROR_design/ip/ROR_design_smartconnect_0_0/bd_0/ip/ip_32/sim/bd_3b23_m00awn_0.sv" into library xil_defaultlib
INFO: [VRFC 10-311] analyzing module bd_3b23_m00awn_0
INFO: [VRFC 10-2263] Analyzing SystemVerilog file "C:/Users/karta/ROR_FPGA_1/ROR_FPGA_1.ip_user_files/bd/ROR_design/ip/ROR_design_smartconnect_0_0/bd_0/ip/ip_33/sim/bd_3b23_m00wn_0.sv" into library xil_defaultlib
INFO: [VRFC 10-311] analyzing module bd_3b23_m00wn_0
INFO: [VRFC 10-2263] Analyzing SystemVerilog file "C:/Users/karta/ROR_FPGA_1/ROR_FPGA_1.ip_user_files/bd/ROR_design/ip/ROR_design_smartconnect_0_0/bd_0/ip/ip_34/sim/bd_3b23_m00bn_0.sv" into library xil_defaultlib
INFO: [VRFC 10-311] analyzing module bd_3b23_m00bn_0
INFO: [VRFC 10-2263] Analyzing SystemVerilog file "C:/Users/karta/ROR_FPGA_1/ROR_FPGA_1.ip_user_files/bd/ROR_design/ip/ROR_design_smartconnect_0_0/bd_0/ip/ip_35/sim/bd_3b23_m00e_0.sv" into library xil_defaultlib
INFO: [VRFC 10-311] analyzing module bd_3b23_m00e_0
INFO: [VRFC 10-2263] Analyzing SystemVerilog file "C:/Users/karta/ROR_FPGA_1/ROR_FPGA_1.ip_user_files/bd/ROR_design/ip/ROR_design_smartconnect_0_0/sim/ROR_design_smartconnect_0_0.sv" into library xil_defaultlib
INFO: [VRFC 10-311] analyzing module ROR_design_smartconnect_0_0
INFO: [VRFC 10-2263] Analyzing Verilog file "C:/Users/karta/ROR_FPGA_1/ROR_FPGA_1.ip_user_files/bd/ROR_design/ip/ROR_design_xlconcat_0_0/sim/ROR_design_xlconcat_0_0.v" into library xil_defaultlib
INFO: [VRFC 10-311] analyzing module ROR_design_xlconcat_0_0
INFO: [VRFC 10-2263] Analyzing Verilog file "C:/Users/karta/ROR_FPGA_1/ROR_FPGA_1.ip_user_files/bd/ROR_design/ip/ROR_design_ROR_IP_0_4/sim/ROR_design_ROR_IP_0_4.v" into library xil_defaultlib
INFO: [VRFC 10-311] analyzing module ROR_design_ROR_IP_0_4
INFO: [VRFC 10-2263] Analyzing Verilog file "C:/Users/karta/ROR_FPGA_1/ROR_FPGA_1.ip_user_files/bd/ROR_design/sim/ROR_design.v" into library xil_defaultlib
INFO: [VRFC 10-311] analyzing module ROR_design
INFO: [VRFC 10-2263] Analyzing Verilog file "C:/Users/karta/ROR_FPGA_1/ROR_FPGA_1.gen/sources_1/bd/ROR_design/hdl/ROR_design_wrapper.v" into library xil_defaultlib
INFO: [VRFC 10-311] analyzing module ROR_design_wrapper
INFO: [VRFC 10-2263] Analyzing Verilog file "C:/Users/karta/ROR_FPGA_1/ROR_FPGA_1.sim/sim_1/behav/xsim/glbl.v" into library xil_defaultlib
INFO: [VRFC 10-311] analyzing module glbl
INFO: [VRFC 10-163] Analyzing VHDL file "C:/Users/karta/ROR_FPGA_1/ROR_FPGA_1.ip_user_files/bd/ROR_design/ip/ROR_design_axi_dma_0_0/sim/ROR_design_axi_dma_0_0.vhd" into library xil_defaultlib
INFO: [VRFC 10-3107] analyzing entity 'ROR_design_axi_dma_0_0'
INFO: [VRFC 10-163] Analyzing VHDL file "C:/Users/karta/ROR_FPGA_1/ROR_FPGA_1.ip_user_files/bd/ROR_design/ip/ROR_design_axi_smc_0/bd_0/ip/ip_1/sim/bd_c225_psr_aclk_0.vhd" into library xil_defaultlib
INFO: [VRFC 10-3107] analyzing entity 'bd_c225_psr_aclk_0'
INFO: [VRFC 10-163] Analyzing VHDL file "C:/Users/karta/ROR_FPGA_1/ROR_FPGA_1.ip_user_files/bd/ROR_design/ip/ROR_design_rst_ps7_0_100M_0/sim/ROR_design_rst_ps7_0_100M_0.vhd" into library xil_defaultlib
INFO: [VRFC 10-3107] analyzing entity 'ROR_design_rst_ps7_0_100M_0'
INFO: [VRFC 10-163] Analyzing VHDL file "C:/Users/karta/ROR_FPGA_1/ROR_FPGA_1.ip_user_files/bd/ROR_design/ip/ROR_design_smartconnect_0_0/bd_0/ip/ip_1/sim/bd_3b23_psr_aclk_0.vhd" into library xil_defaultlib
INFO: [VRFC 10-3107] analyzing entity 'bd_3b23_psr_aclk_0'
